Log file open, 01/30/17 17:06:27
LogInit:Display: Running engine for game: Forgotten_Blades
LogPlatformFile: Not using cached read wrapper
LogInit:Display: RandInit(1862689374) SRandInit(1862689378).
LogTaskGraph: Started task graph with 4 named threads and 5 total threads with 1 sets of task threads.
LogStats: Stats thread started at 0.358050
LogInit: Version: 4.12.2-3005592+++UE4+Release-4.12
LogInit: API Version: 2992821
LogInit: Net Version: 3005592
LogDevObjectVersion: Number of dev versions registered: 13
LogDevObjectVersion:   Dev-Blueprints (B0D832E4-1F89-4F0D-ACCF-7EB736FD4AA2): 3
LogDevObjectVersion:   Dev-Build (E1C64328-A22C-4D53-A36C-8E866417BD8C): 0
LogDevObjectVersion:   Dev-Core (375EC13C-06E4-48FB-B500-84F0262A717E): 1
LogDevObjectVersion:   Dev-Editor (E4B068ED-F494-42E9-A231-DA0B2E46BB41): 2
LogDevObjectVersion:   Dev-Framework (CFFC743F-43B0-4480-9391-14DF171D2073): 6
LogDevObjectVersion:   Dev-Mobile (B02B49B5-BB20-44E9-A304-32B752E40360): 0
LogDevObjectVersion:   Dev-Networking (A4E4105C-59A1-49B5-A7C5-40C4547EDFEE): 0
LogDevObjectVersion:   Dev-Online (39C831C9-5AE6-47DC-9A44-9C173E1C8E7C): 0
LogDevObjectVersion:   Dev-Physics (78F01B33-EBEA-4F98-B9B4-84EACCB95AA2): 0
LogDevObjectVersion:   Dev-Platform (6631380F-2D4D-43E0-8009-CF276956A95A): 0
LogDevObjectVersion:   Dev-Rendering (12F88B9F-8875-4AFC-A67C-D90C383ABD29): 2
LogDevObjectVersion:   Dev-Sequencer (7B5AE74C-D270-4C10-A958-57980B212A5A): 0
LogDevObjectVersion:   Dev-VR (D7296918-1DD6-4BDD-9DE2-64A83CC13884): 0
LogInit: Compiled (64-bit): Jun  8 2016 08:57:49
LogInit: Compiled with Visual C++: 19.00.23026.00
LogInit: Build Configuration: Development
LogInit: Branch Name: ++UE4+Release-4.12
LogInit: Command line:  
LogInit: Base directory: C:/Program Files (x86)/Epic Games/4.12/Engine/Binaries/Win64/
LogInit: Installed Engine Build: 1
LogInit: Using libcurl 7.41.0
LogInit:  - built for x86_64-pc-win32
LogInit:  - supports SSL with WinSSL
LogInit:  - other features:
LogInit:      CURL_VERSION_SSL
LogInit:      CURL_VERSION_IPV6
LogInit:      CURL_VERSION_ASYNCHDNS
LogInit:      CURL_VERSION_LARGEFILE
LogInit:      CURL_VERSION_IDN
LogInit:  CurlRequestOptions (configurable via config and command line):
LogInit:  - bVerifyPeer = true  - Libcurl will verify peer certificate
LogInit:  - bUseHttpProxy = false  - Libcurl will NOT use HTTP proxy
LogInit:  - bDontReuseConnections = false  - Libcurl will reuse connections
LogInit:  - CertBundlePath = nullptr  - Libcurl will use whatever was configured at build time.
LogInit: Presizing for max 8388607 objects, including 0 objects not considered by GC, pre-allocating 0 bytes for permanent pool.
LogInit: Object subsystem initialized
[2017.01.30-15.06.29:048][  0]LogInit: Selected Device Profile: [Windows]
[2017.01.30-15.06.29:048][  0]LogInit: Applying CVar settings loaded from the selected device profile: [Windows]
[2017.01.30-15.06.29:376][  0]LogInit: Computer: ALOA95
[2017.01.30-15.06.29:377][  0]LogInit: User: Aloa
[2017.01.30-15.06.29:377][  0]LogInit: CPU Page size=65536, Cores=2
[2017.01.30-15.06.29:377][  0]LogInit: High frequency timer resolution =1.753831 MHz
[2017.01.30-15.06.29:385][  0]LogMemory: Memory total: Physical=7.9GB (8GB approx)
[2017.01.30-15.06.29:386][  0]LogMemory: Platform Memory Stats for Windows
[2017.01.30-15.06.29:386][  0]LogMemory: Process Physical Memory: 191.91 MB used, 191.91 MB peak
[2017.01.30-15.06.29:386][  0]LogMemory: Process Virtual Memory: 195.21 MB used, 195.21 MB peak
[2017.01.30-15.06.29:386][  0]LogMemory: Physical Memory: 3407.26 MB used, 8079.35 MB total
[2017.01.30-15.06.29:386][  0]LogMemory: Virtual Memory: 577.67 MB used, 134217728.00 MB total
[2017.01.30-15.06.31:278][  0]LogTextLocalizationManager: No specific translations for ('ar-EG') exist, so ('ar') translations will be used.
[2017.01.30-15.06.32:217][  0]LogD3D11RHI: D3D11 adapters:
[2017.01.30-15.06.32:223][  0]LogD3D11RHI:    0. 'Intel(R) HD Graphics 4000' (Feature Level 11_0)
[2017.01.30-15.06.32:223][  0]LogD3D11RHI:       32/0/1760 MB DedicatedVideo/DedicatedSystem/SharedSystem, Outputs:1, VendorId:0x8086
[2017.01.30-15.06.32:226][  0]LogD3D11RHI:    1. 'Microsoft Basic Render Driver' (Feature Level 11_0)
[2017.01.30-15.06.32:226][  0]LogD3D11RHI:       0/0/4039 MB DedicatedVideo/DedicatedSystem/SharedSystem, Outputs:0, VendorId:0x1414
[2017.01.30-15.06.32:226][  0]LogD3D11RHI: Chosen D3D11 Adapter: 0
[2017.01.30-15.06.32:235][  0]LogD3D11RHI: Creating new Direct3DDevice
[2017.01.30-15.06.32:235][  0]LogD3D11RHI:     GPU DeviceId: 0x166 (for the marketing name, search the web for "GPU Device Id")
[2017.01.30-15.06.32:250][  0]LogWindows: EnumDisplayDevices:
[2017.01.30-15.06.32:250][  0]LogWindows:    0. 'Intel(R) HD Graphics 4000' (P:1 D:1)
[2017.01.30-15.06.32:250][  0]LogWindows:    1. 'Intel(R) HD Graphics 4000' (P:0 D:0)
[2017.01.30-15.06.32:251][  0]LogWindows:    2. 'Intel(R) HD Graphics 4000' (P:0 D:0)
[2017.01.30-15.06.32:252][  0]LogWindows: DebugString: FoundDriverCount:3 
[2017.01.30-15.06.32:252][  0]LogD3D11RHI:     Adapter Name: Intel(R) HD Graphics 4000
[2017.01.30-15.06.32:252][  0]LogD3D11RHI:   Driver Version: 10.18.10.4358 (internal:10.18.10.4358, unified:10.18.10.4358)
[2017.01.30-15.06.32:252][  0]LogD3D11RHI:      Driver Date: 12-21-2015
[2017.01.30-15.06.32:252][  0]LogRHI: Texture pool is 638 MB (70% of 912 MB)
[2017.01.30-15.06.32:257][  0]LogD3D11RHI: Async texture creation enabled
[2017.01.30-15.06.32:696][  0]LogD3D11RHI: GPU Timing Frequency: 12.500000 (Debug: 2 0)
[2017.01.30-15.06.32:862][  0]LogShaderCompilers: Guid format shader working directory is 27 characters bigger than the processId version (F:/Forgotten_Blades/Intermediate/Shaders/WorkingDirectory/6052/).
[2017.01.30-15.06.32:862][  0]LogShaderCompilers: Cleaned the shader compiler working directory 'C:/Users/Fahd-/AppData/Local/Temp/UnrealShaderWorkingDir/674DB81240548CE51952918F02835DB2/'.
[2017.01.30-15.06.32:878][  0]LogShaderCompilers:Display: Using Local Shader Compiler.
[2017.01.30-15.07.00:880][  0]LogTemp:Display: Loaded TP AllDesktopTargetPlatform
[2017.01.30-15.07.00:899][  0]LogTemp:Display: Loaded TP WindowsClientTargetPlatform
[2017.01.30-15.07.00:918][  0]LogTemp:Display: Loaded TP WindowsNoEditorTargetPlatform
[2017.01.30-15.07.00:936][  0]LogTemp:Display: Loaded TP WindowsServerTargetPlatform
[2017.01.30-15.07.00:955][  0]LogTemp:Display: Loaded TP WindowsTargetPlatform
[2017.01.30-15.07.01:010][  0]LogTemp:Display: Loaded TP AndroidTargetPlatform
[2017.01.30-15.07.01:038][  0]LogTemp:Display: Loaded TP Android_ASTCTargetPlatform
[2017.01.30-15.07.01:053][  0]LogTemp:Display: Loaded TP Android_ATCTargetPlatform
[2017.01.30-15.07.01:080][  0]LogTemp:Display: Loaded TP Android_DXTTargetPlatform
[2017.01.30-15.07.01:095][  0]LogTemp:Display: Loaded TP Android_ETC1TargetPlatform
[2017.01.30-15.07.01:125][  0]LogTemp:Display: Loaded TP Android_ETC2TargetPlatform
[2017.01.30-15.07.01:172][  0]LogTemp:Display: Loaded TP Android_MultiTargetPlatform
[2017.01.30-15.07.01:172][  0]LogTemp:Display: Loaded TP Android_PVRTCTargetPlatform
[2017.01.30-15.07.01:174][  0]LogTemp:Display: Loaded TP HTML5TargetPlatform
[2017.01.30-15.07.01:355][  0]LogTemp:Display: Loaded TP IOSTargetPlatform
[2017.01.30-15.07.01:370][  0]LogTemp:Display: Loaded TP TVOSTargetPlatform
[2017.01.30-15.07.01:404][  0]LogTemp:Display: Loaded TP LinuxNoEditorTargetPlatform
[2017.01.30-15.07.01:447][  0]LogTemp:Display: Loaded TP LinuxServerTargetPlatform
[2017.01.30-15.07.01:513][  0]LogTemp:Display: Loaded TP LinuxTargetPlatform
[2017.01.30-15.07.01:513][  0]LogTargetPlatformManager:Display: Building Assets For Windows
[2017.01.30-15.07.02:839][  0]LogDerivedDataCache:Display: Max Cache Size: 512 MB
[2017.01.30-15.07.03:431][  0]LogDerivedDataCache: Loaded boot cache 0.58s 48MB C:/Users/Fahd-/AppData/Local/UnrealEngine/4.12/DerivedDataCache/Boot.ddc.
[2017.01.30-15.07.03:431][  0]LogDerivedDataCache:Display: Loaded Boot cache: C:/Users/Fahd-/AppData/Local/UnrealEngine/4.12/DerivedDataCache/Boot.ddc
[2017.01.30-15.07.03:432][  0]LogDerivedDataCache: FDerivedDataBackendGraph:  Pak pak cache file F:/Forgotten_Blades/DerivedDataCache/DDC.ddp not found, will not use a pak cache.
[2017.01.30-15.07.03:432][  0]LogDerivedDataCache: Unable to find inner node Pak for hierarchical cache Hierarchy.
[2017.01.30-15.07.03:432][  0]LogDerivedDataCache: FDerivedDataBackendGraph:  CompressedPak pak cache file F:/Forgotten_Blades/DerivedDataCache/Compressed.ddp not found, will not use a pak cache.
[2017.01.30-15.07.03:432][  0]LogDerivedDataCache: Unable to find inner node CompressedPak for hierarchical cache Hierarchy.
[2017.01.30-15.07.03:522][  0]LogDerivedDataCache:Display: Pak cache opened for reading ../../../Engine/DerivedDataCache/Compressed.ddp.
[2017.01.30-15.07.03:570][  0]LogDerivedDataCache: Using Local data cache path C:/Users/Fahd-/AppData/Local/UnrealEngine/Common/DerivedDataCache: Writable
[2017.01.30-15.07.21:326][  0]LogInit: Selected Device Profile: [Windows]
[2017.01.30-15.07.21:496][  0]LogContentStreaming: Texture pool size is 0.00 MB
[2017.01.30-15.07.26:150][  0]LogMeshUtilities: No automatic mesh reduction module available
[2017.01.30-15.07.26:150][  0]LogMeshUtilities: No automatic mesh merging module available
[2017.01.30-15.07.26:150][  0]LogMeshUtilities: No distributed automatic mesh merging module available
[2017.01.30-15.07.34:792][  0]LogAssetRegistry: FAssetRegistry took 0.0241 seconds to start up
[2017.01.30-15.07.35:096][  0]LogPackageLocalizationCache: Processed 3 localized package path(s) for 2 prioritized culture(s) in 0.143095 seconds
[2017.01.30-15.07.35:194][  0]LogUObjectArray: 28739 objects as part of root set at end of initial load.
[2017.01.30-15.07.35:194][  0]LogUObjectAllocator: 5855624 out of 0 bytes used by permanent object pool.
[2017.01.30-15.07.35:194][  0]LogUObjectArray: CloseDisregardForGC: 0/0 objects in disregard for GC pool
[2017.01.30-15.07.35:256][  0]LogInit: WinSock: version 1.1 (2.2), MaxSocks=32767, MaxUdp=65467
[2017.01.30-15.07.46:977][  0]LogSlate: SlateFontCache - WITH_FREETYPE: 1, WITH_HARFBUZZ: 1
[2017.01.30-15.07.46:989][  0]LogSlate: SlateFontCache - WITH_FREETYPE: 1, WITH_HARFBUZZ: 1
[2017.01.30-15.08.30:674][  0]LogUdpMessaging: Initializing bridge on interface 0.0.0.0:0 to multicast group 230.0.0.1:6666.
[2017.01.30-15.08.35:668][  0]SourceControl: Info Source control is disabled
[2017.01.30-15.08.35:715][  0]SourceControl: Info Source control is disabled
[2017.01.30-15.08.35:873][  0]SourceControl: Info Source control is disabled
[2017.01.30-15.08.36:016][  0]SourceControl: Info Source control is disabled
[2017.01.30-15.08.40:181][  0]LogEngine: Initializing Engine...
[2017.01.30-15.08.40:686][  0]LogHMD: SteamVR failed to initialize.  Err: 110
[2017.01.30-15.08.40:734][  0]LogHMD: SteamVR failed to initialize.  Err: 110
[2017.01.30-15.08.42:241][  0]LogAIModule: Creating AISystem for world NewWorld
[2017.01.30-15.08.42:786][  0]LogInit: XAudio2 using 'Speakers / Headphones (Realtek High Definition Audio)' : 2 channels at 48 kHz using 32 bits per sample (channel mask 0x3)
[2017.01.30-15.08.43:707][  0]LogInit: FAudioDevice initialized.
[2017.01.30-15.08.43:783][  0]LogDerivedDataCache: Saved boot cache 0.08s 48MB C:/Users/Fahd-/AppData/Local/UnrealEngine/4.12/DerivedDataCache/Boot.ddc.
[2017.01.30-15.08.43:809][  0]LogInit: Texture streaming: Enabled
[2017.01.30-15.08.45:796][  0]LogInit: Transaction tracking system initialized
[2017.01.30-15.08.50:466][  0]BlueprintLog: New page: Editor Load
[2017.01.30-15.08.57:005][  0]LocalizationService: Info Localization service is disabled
[2017.01.30-15.08.59:497][  0]LogConsoleResponse:Display: 
[2017.01.30-15.09.06:011][  0]LogFileCache: Scanning file cache for directory 'F:/Forgotten_Blades/Content/' took 0.02s
[2017.01.30-15.09.06:011][  0]LogCook:Display: Max memory allowance for cook 8192mb
[2017.01.30-15.09.06:011][  0]LogCook:Display: Mobile HDR setting 1
[2017.01.30-15.09.11:906][  0]SourceControl: Info Source control is disabled
[2017.01.30-15.09.12:072][  0]Cmd: MAP LOAD FILE="F:/Forgotten_Blades/Content/ThirdPersonBP/Maps/ThirdPersonExampleMap.umap" TEMPLATE=0 SHOWPROGRESS=1 FEATURELEVEL=3
[2017.01.30-15.09.12:313][  0]LightingResults: New page: Lighting Build
[2017.01.30-15.09.14:654][  0]MapCheck: New page: Map Check
[2017.01.30-15.09.14:654][  0]LightingResults: New page: Lighting Build
[2017.01.30-15.09.27:345][  0]LogAnimationCompression: Building Anim DDC data for AnimSequence /Game/Mannequin/Animations/ThirdPersonJump_Start.ThirdPersonJump_Start
[2017.01.30-15.09.27:617][  0]LogAnimationCompression: Building Anim DDC data for AnimSequence /Game/Mannequin/Animations/ThirdPersonIdle.ThirdPersonIdle
[2017.01.30-15.09.27:834][  0]LogAnimationCompression: Building Anim DDC data for AnimSequence /Game/Mannequin/Animations/ThirdPersonRun.ThirdPersonRun
[2017.01.30-15.09.27:870][  0]LogAnimationCompression: Building Anim DDC data for AnimSequence /Game/Mannequin/Animations/ThirdPersonWalk.ThirdPersonWalk
[2017.01.30-15.09.28:072][  0]LogAnimationCompression: Building Anim DDC data for AnimSequence /Game/Mannequin/Animations/ThirdPerson_Jump.ThirdPerson_Jump
[2017.01.30-15.09.28:089][  0]LogAnimationCompression: Building Anim DDC data for AnimSequence /Game/Mannequin/Animations/ThirdPersonJump_Loop.ThirdPersonJump_Loop
[2017.01.30-15.09.28:205][  0]LogAIModule: Creating AISystem for world ThirdPersonExampleMap
[2017.01.30-15.09.34:081][  0]LogEditorServer: Finished looking for orphan Actors (0.030 secs)
[2017.01.30-15.09.34:602][  0]Cmd: MAP CHECKDEP NOCLEARLOG
[2017.01.30-15.09.34:929][  0]MapCheck: Info Map check complete: 0 Error(s), 0 Warning(s), took 300٫419ms to complete.
[2017.01.30-15.09.34:930][  0]LogFileHelpers: Loading map 'ThirdPersonExampleMap' took 22.912
[2017.01.30-15.09.38:665][  0]LogWindowsTextInputMethodSystem:Display: IME system now deactivated.
[2017.01.30-15.09.38:665][  0]LogWindowsTextInputMethodSystem:Display: IME system now deactivated.
[2017.01.30-15.09.41:914][  0]LogCollectionManager: Loaded 0 collections in 0.003604 seconds
[2017.01.30-15.09.42:188][  0]LogFileCache: Scanning file cache for directory 'F:/Forgotten_Blades/Saved/Collections/' took 0.01s
[2017.01.30-15.09.42:188][  0]LogFileCache: Scanning file cache for directory 'F:/Forgotten_Blades/Content/Developers/Aloa/Collections/' took 0.01s
[2017.01.30-15.09.42:188][  0]LogFileCache: Scanning file cache for directory 'F:/Forgotten_Blades/Content/Collections/' took 0.01s
[2017.01.30-15.09.42:188][  0]LogCollectionManager: Rebuilt the GUID cache for 0 collections in 0.000012 seconds
[2017.01.30-15.09.42:247][  0]LogContentBrowser: Native class hierarchy populated in 0.0414 seconds. Added 2047 classes and 369 folders.
[2017.01.30-15.09.42:405][  0]LogStats: UGameplayTagsManager::ConstructGameplayTagTree: Construct from data asset -  0.000 s
[2017.01.30-15.09.42:406][  0]LogStats: UGameplayTagsManager::ConstructGameplayTagTree: GameplayTagTreeChangedEvent.Broadcast -  0.001 s
[2017.01.30-15.09.42:409][  0]LogContentBrowser: Native class hierarchy updated for 'GameplayTags' in 0.0014 seconds. Added 12 classes and 0 folders.
[2017.01.30-15.09.42:497][  0]LogContentBrowser: Native class hierarchy updated for 'WidgetCarousel' in 0.0008 seconds. Added 0 classes and 0 folders.
[2017.01.30-15.09.47:587][  0]LogContentBrowser: Native class hierarchy updated for 'AddContentDialog' in 0.0008 seconds. Added 0 classes and 0 folders.
[2017.01.30-15.09.47:803][  0]LogContentBrowser: Native class hierarchy updated for 'SceneOutliner' in 0.0008 seconds. Added 1 classes and 2 folders.
[2017.01.30-15.09.49:187][  0]LogCrashTracker: Crashtracker disabled due to settings.
[2017.01.30-15.09.50:112][  0]LogUObjectGlobals:Warning: Failed to find object 'Class None.'
[2017.01.30-15.09.50:420][  0]LogContentBrowser: Native class hierarchy updated for 'HierarchicalLODOutliner' in 0.0008 seconds. Added 1 classes and 2 folders.
[2017.01.30-15.09.50:420][  0]LogLoad: Full Startup: 232.26 seconds (BP compile: 2.79 seconds)
[2017.01.30-15.09.50:420][  0]LogExternalProfiler: Found external profiler: VSPerf
[2017.01.30-15.09.50:420][  0]LogExternalProfiler: Using external profiler: VSPerf
[2017.01.30-15.09.50:844][  0]LogOcInput: OculusInput pre-init called
[2017.01.30-15.09.53:037][  0]LogContentStreaming: Texture pool size now 200 MB
[2017.01.30-15.09.58:553][  1]LogRenderer: Reallocating scene render targets to support 736x360 (Frame:2).
[2017.01.30-15.10.03:691][  9]LogSynthBenchmark:Display: FSynthBenchmark (V0.95):  requested WorkScale=5.00
[2017.01.30-15.10.03:691][  9]LogSynthBenchmark:Display: ===============
[2017.01.30-15.10.03:691][  9]LogSynthBenchmark:Display: Main Processor:
[2017.01.30-15.10.04:149][  9]LogSynthBenchmark:Display:          ... 0.045590 s/Run 'RayIntersect'
[2017.01.30-15.10.04:149][  9]LogSynthBenchmark:Display:          ... 0.045862 s/Run 'Fractal'
[2017.01.30-15.10.04:149][  9]LogSynthBenchmark:Display: 
[2017.01.30-15.10.04:149][  9]LogSynthBenchmark:Display:   CompiledTarget_x_Bits: 64
[2017.01.30-15.10.04:149][  9]LogSynthBenchmark:Display:   UE_BUILD_SHIPPING: 0
[2017.01.30-15.10.04:149][  9]LogSynthBenchmark:Display:   UE_BUILD_TEST: 0
[2017.01.30-15.10.04:149][  9]LogSynthBenchmark:Display:   UE_BUILD_DEBUG: 0
[2017.01.30-15.10.04:149][  9]LogSynthBenchmark:Display:   TotalPhysicalGBRam: 8
[2017.01.30-15.10.04:149][  9]LogSynthBenchmark:Display:   NumberOfCores (physical): 2
[2017.01.30-15.10.04:149][  9]LogSynthBenchmark:Display:   NumberOfCores (logical): 4
[2017.01.30-15.10.04:149][  9]LogSynthBenchmark:Display:   CPU Perf Index 0: 56.2 (weight 1.00)
[2017.01.30-15.10.04:149][  9]LogSynthBenchmark:Display:   CPU Perf Index 1: 62.4 (weight 1.50)
[2017.01.30-15.10.04:149][  9]LogSynthBenchmark:Display:  
[2017.01.30-15.10.04:149][  9]LogSynthBenchmark:Display: Graphics:
[2017.01.30-15.10.04:149][  9]LogSynthBenchmark:Display:   Adapter Name: 'Intel(R) HD Graphics 4000'
[2017.01.30-15.10.04:149][  9]LogSynthBenchmark:Display:   (On Optimus the name might be wrong, memory should be ok)
[2017.01.30-15.10.04:149][  9]LogSynthBenchmark:Display:   Vendor Id: 0x8086
[2017.01.30-15.10.04:149][  9]LogSynthBenchmark:Display:   Device Id: 0x166
[2017.01.30-15.10.04:149][  9]LogSynthBenchmark:Display:   GPU Memory: 32/0/1760 MB
[2017.01.30-15.10.04:251][  9]LogSynthBenchmark:Display:   GPU first test: 0.02s
[2017.01.30-15.10.04:252][  9]LogSynthBenchmark:Display:          ... 0.258 GigaPix/s, Confidence=100% 'ALUHeavyNoise' (likely to be very inaccurate)
[2017.01.30-15.10.04:252][  9]LogSynthBenchmark:Display:          ... 0.315 GigaPix/s, Confidence=100% 'TexHeavy' (likely to be very inaccurate)
[2017.01.30-15.10.04:252][  9]LogSynthBenchmark:Display:          ... 0.293 GigaPix/s, Confidence=100% 'DepTexHeavy' (likely to be very inaccurate)
[2017.01.30-15.10.04:252][  9]LogSynthBenchmark:Display:          ... 1.368 GigaPix/s, Confidence=89% 'FillOnly' (likely to be very inaccurate)
[2017.01.30-15.10.04:252][  9]LogSynthBenchmark:Display:          ... 0.086 GigaPix/s, Confidence=100% 'Bandwidth' (likely to be very inaccurate)
[2017.01.30-15.10.04:455][  9]LogSynthBenchmark:Display:   GPU second test: 0.18s
[2017.01.30-15.10.04:455][  9]LogSynthBenchmark:Display:          ... 0.301 GigaPix/s, Confidence=100% 'ALUHeavyNoise' (likely to be inaccurate)
[2017.01.30-15.10.04:455][  9]LogSynthBenchmark:Display:          ... 0.370 GigaPix/s, Confidence=100% 'TexHeavy' (likely to be inaccurate)
[2017.01.30-15.10.04:455][  9]LogSynthBenchmark:Display:          ... 0.303 GigaPix/s, Confidence=100% 'DepTexHeavy' (likely to be inaccurate)
[2017.01.30-15.10.04:455][  9]LogSynthBenchmark:Display:          ... 2.074 GigaPix/s, Confidence=100% 'FillOnly' (likely to be inaccurate)
[2017.01.30-15.10.04:455][  9]LogSynthBenchmark:Display:          ... 0.093 GigaPix/s, Confidence=89% 'Bandwidth' (likely to be inaccurate)
[2017.01.30-15.10.04:455][  9]LogSynthBenchmark:Display:          ... 0.301 GigaPix/s, Confidence=100% 'ALUHeavyNoise'
[2017.01.30-15.10.04:455][  9]LogSynthBenchmark:Display:          ... 0.370 GigaPix/s, Confidence=100% 'TexHeavy'
[2017.01.30-15.10.04:455][  9]LogSynthBenchmark:Display:          ... 0.303 GigaPix/s, Confidence=100% 'DepTexHeavy'
[2017.01.30-15.10.04:456][  9]LogSynthBenchmark:Display:          ... 2.074 GigaPix/s, Confidence=100% 'FillOnly'
[2017.01.30-15.10.04:456][  9]LogSynthBenchmark:Display:          ... 0.093 GigaPix/s, Confidence=89% 'Bandwidth'
[2017.01.30-15.10.04:456][  9]LogSynthBenchmark:Display: 
[2017.01.30-15.10.04:456][  9]LogSynthBenchmark:Display:   GPU Perf Index 0: 6.5 (weight 1.00)
[2017.01.30-15.10.04:456][  9]LogSynthBenchmark:Display:   GPU Perf Index 1: 5.0 (weight 0.10)
[2017.01.30-15.10.04:456][  9]LogSynthBenchmark:Display:   GPU Perf Index 2: 7.9 (weight 0.10)
[2017.01.30-15.10.04:456][  9]LogSynthBenchmark:Display:   GPU Perf Index 3: 8.1 (weight 3.00)
[2017.01.30-15.10.04:456][  9]LogSynthBenchmark:Display:   GPU Perf Index 4: 8.7 (weight 1.00)
[2017.01.30-15.10.04:456][  9]LogSynthBenchmark:Display:   CPUIndex: 59.9
[2017.01.30-15.10.04:456][  9]LogSynthBenchmark:Display:   GPUIndex: 7.9
[2017.01.30-15.10.04:456][  9]LogSynthBenchmark:Display: 
[2017.01.30-15.10.04:456][  9]LogSynthBenchmark:Display:          ... Total Time: 0.765298 sec
[2017.01.30-15.10.04:737][  9]LogAssetRegistry: Asset discovery search completed in 149.9675 seconds
[2017.01.30-15.10.04:737][  9]LogCollectionManager: Rebuilt the object cache for 0 collections in 0.000002 seconds (found 0 objects)
[2017.01.30-15.10.04:737][  9]LogCollectionManager: Fixed up redirectors for 0 collections in 0.000100 seconds (updated 0 objects)
[2017.01.30-15.10.57:001][663]Cmd: MAP LOAD FILE="F:/Forgotten_Blades/Content/ThirdPersonBP/Maps/ThirdPersonExampleMap.umap" TEMPLATE=0 SHOWPROGRESS=1 FEATURELEVEL=3
[2017.01.30-15.10.57:002][663]LightingResults: New page: Lighting Build
[2017.01.30-15.10.57:004][663]LoadErrors: New page: Loading map: ThirdPersonExampleMap.umap
[2017.01.30-15.10.57:074][663]MapCheck: New page: Map Check
[2017.01.30-15.10.57:074][663]LightingResults: New page: Lighting Build
[2017.01.30-15.10.57:388][663]LogAIModule: Creating AISystem for world ThirdPersonExampleMap
[2017.01.30-15.10.57:458][663]LogEditorServer: Finished looking for orphan Actors (0.000 secs)
[2017.01.30-15.10.57:540][663]Cmd: MAP CHECKDEP NOCLEARLOG
[2017.01.30-15.10.57:661][663]MapCheck: Info Map check complete: 0 Error(s), 0 Warning(s), took 121٫025ms to complete.
[2017.01.30-15.10.57:697][663]LogFileHelpers: Loading map 'ThirdPersonExampleMap' took 0.771
[2017.01.30-15.23.09:751][110]Cmd: QUIT_EDITOR
[2017.01.30-15.23.09:839][110]LogWindowsTextInputMethodSystem:Display: IME system now deactivated.
[2017.01.30-15.23.09:884][110]LogExit: Preparing to exit.
[2017.01.30-15.23.10:301][110]LogExit: Editor shut down
[2017.01.30-15.23.10:301][110]LogExit: Transaction tracking system shut down
[2017.01.30-15.23.10:501][110]LogObj: Freed 0b from 0 cluster array pools.
[2017.01.30-15.23.10:501][110]LogExit: Object subsystem successfully closed.
[2017.01.30-15.23.10:516][110]LogD3D11RHI: Shutdown
[2017.01.30-15.23.10:516][110]LogD3D11RHI: CleanupD3DDevice
[2017.01.30-15.23.10:615][110]LogD3D11RHI: ~FD3D11DynamicRHI
[2017.01.30-15.23.10:661][110]LogModuleManager: Shutting down and abandoning module SynthBenchmark (214)
[2017.01.30-15.23.10:661][110]LogModuleManager: Shutting down and abandoning module HierarchicalLODOutliner (213)
[2017.01.30-15.23.10:661][110]LogModuleManager: Shutting down and abandoning module CrashTracker (212)
[2017.01.30-15.23.10:662][110]LogModuleManager: Shutting down and abandoning module SceneOutliner (211)
[2017.01.30-15.23.10:662][110]LogModuleManager: Shutting down and abandoning module WidgetCarousel (210)
[2017.01.30-15.23.10:662][110]LogModuleManager: Shutting down and abandoning module AddContentDialog (209)
[2017.01.30-15.23.10:663][110]LogModuleManager: Shutting down and abandoning module GameplayTags (208)
[2017.01.30-15.23.10:663][110]LogModuleManager: Shutting down and abandoning module EditorWidgets (207)
[2017.01.30-15.23.10:664][110]LogModuleManager: Shutting down and abandoning module CollectionManager (206)
[2017.01.30-15.23.10:664][110]LogModuleManager: Shutting down and abandoning module StatsViewer (205)
[2017.01.30-15.23.10:664][110]LogModuleManager: Shutting down and abandoning module FoliageEdit (204)
[2017.01.30-15.23.10:664][110]LogModuleManager: Shutting down and abandoning module LandscapeEditor (203)
[2017.01.30-15.23.10:664][110]LogModuleManager: Shutting down and abandoning module SceneDepthPickerMode (202)
[2017.01.30-15.23.10:664][110]LogModuleManager: Shutting down and abandoning module ActorPickerMode (201)
[2017.01.30-15.23.10:664][110]LogModuleManager: Shutting down and abandoning module GeometryMode (200)
[2017.01.30-15.23.10:665][110]LogModuleManager: Shutting down and abandoning module TextureAlignMode (199)
[2017.01.30-15.23.10:665][110]LogModuleManager: Shutting down and abandoning module BspMode (198)
[2017.01.30-15.23.10:665][110]LogModuleManager: Shutting down and abandoning module HardwareSurvey (197)
[2017.01.30-15.23.10:665][110]LogModuleManager: Shutting down and abandoning module SequenceRecorderSections (196)
[2017.01.30-15.23.10:665][110]LogModuleManager: Shutting down and abandoning module SequenceRecorder (195)
[2017.01.30-15.23.10:665][110]LogModuleManager: Shutting down and abandoning module AutomationWorker (194)
[2017.01.30-15.23.10:665][110]LogModuleManager: Shutting down and abandoning module MatineeToLevelSequence (193)
[2017.01.30-15.23.10:665][110]LogModuleManager: Shutting down and abandoning module PlacementMode (192)
[2017.01.30-15.23.10:665][110]LogModuleManager: Shutting down and abandoning module LevelSequenceEditor (191)
[2017.01.30-15.23.10:665][110]LogModuleManager: Shutting down and abandoning module CharacterAI (190)
[2017.01.30-15.23.10:665][110]LogModuleManager: Shutting down and abandoning module SmartSnapping (189)
[2017.01.30-15.23.10:665][110]LogModuleManager: Shutting down and abandoning module SessionServices (188)
[2017.01.30-15.23.10:665][110]LogModuleManager: Shutting down and abandoning module ViewportSnapping (187)
[2017.01.30-15.23.10:665][110]LogModuleManager: Shutting down and abandoning module LogVisualizer (186)
[2017.01.30-15.23.10:666][110]LogModuleManager: Shutting down and abandoning module GameProjectGeneration (185)
[2017.01.30-15.23.10:666][110]LogModuleManager: Shutting down and abandoning module IntroTutorials (184)
[2017.01.30-15.23.10:666][110]LogModuleManager: Shutting down and abandoning module EditorLiveStreaming (183)
[2017.01.30-15.23.10:666][110]LogModuleManager: Shutting down and abandoning module IOSPlatformEditor (182)
[2017.01.30-15.23.10:666][110]LogModuleManager: Shutting down and abandoning module HTML5PlatformEditor (181)
[2017.01.30-15.23.10:666][110]LogModuleManager: Shutting down and abandoning module AndroidDeviceDetection (180)
[2017.01.30-15.23.11:395][110]LogModuleManager: Shutting down and abandoning module AndroidPlatformEditor (179)
[2017.01.30-15.23.11:395][110]LogModuleManager: Shutting down and abandoning module IOSRuntimeSettings (178)
[2017.01.30-15.23.11:395][110]LogModuleManager: Shutting down and abandoning module AndroidRuntimeSettings (177)
[2017.01.30-15.23.11:395][110]LogModuleManager: Shutting down and abandoning module MergeActors (176)
[2017.01.30-15.23.11:396][110]LogModuleManager: Shutting down and abandoning module SizeMap (175)
[2017.01.30-15.23.11:396][110]LogModuleManager: Shutting down and abandoning module TreeMap (174)
[2017.01.30-15.23.11:396][110]LogModuleManager: Shutting down and abandoning module ReferenceViewer (173)
[2017.01.30-15.23.11:396][110]LogModuleManager: Shutting down and abandoning module LocalizationService (172)
[2017.01.30-15.23.11:396][110]LogModuleManager: Shutting down and abandoning module LocalizationDashboard (171)
[2017.01.30-15.23.11:396][110]LogModuleManager: Shutting down and abandoning module HardwareTargeting (170)
[2017.01.30-15.23.11:396][110]LogModuleManager: Shutting down and abandoning module DeviceProfileEditor (169)
[2017.01.30-15.23.11:396][110]LogModuleManager: Shutting down and abandoning module UndoHistory (168)
[2017.01.30-15.23.11:396][110]LogModuleManager: Shutting down and abandoning module UserFeedback (167)
[2017.01.30-15.23.11:396][110]LogModuleManager: Shutting down and abandoning module XmlParser (166)
[2017.01.30-15.23.11:396][110]LogModuleManager: Shutting down and abandoning module Blutility (165)
[2017.01.30-15.23.11:396][110]LogModuleManager: Shutting down and abandoning module ProjectTargetPlatformEditor (164)
[2017.01.30-15.23.11:396][110]LogModuleManager: Shutting down and abandoning module ProjectSettingsViewer (163)
[2017.01.30-15.23.11:396][110]LogModuleManager: Shutting down and abandoning module InputBindingEditor (162)
[2017.01.30-15.23.11:396][110]LogModuleManager: Shutting down and abandoning module EditorSettingsViewer (161)
[2017.01.30-15.23.11:396][110]LogModuleManager: Shutting down and abandoning module SettingsEditor (160)
[2017.01.30-15.23.11:397][110]LogModuleManager: Shutting down and abandoning module ProjectLauncher (159)
[2017.01.30-15.23.11:397][110]LogModuleManager: Shutting down and abandoning module SessionFrontend (158)
[2017.01.30-15.23.11:397][110]LogModuleManager: Shutting down and abandoning module ProfilerClient (157)
[2017.01.30-15.23.11:397][110]LogModuleManager: Shutting down and abandoning module TargetDeviceServices (156)
[2017.01.30-15.23.11:397][110]LogModuleManager: Shutting down and abandoning module DeviceManager (155)
[2017.01.30-15.23.11:441][110]LogModuleManager: Shutting down and abandoning module AutomationController (154)
[2017.01.30-15.23.11:441][110]LogModuleManager: Shutting down and abandoning module AutomationWindow (153)
[2017.01.30-15.23.11:441][110]LogModuleManager: Shutting down and abandoning module Layers (152)
[2017.01.30-15.23.11:441][110]LogModuleManager: Shutting down and abandoning module ComponentVisualizers (151)
[2017.01.30-15.23.11:441][110]LogModuleManager: Shutting down and abandoning module DetailCustomizations (150)
[2017.01.30-15.23.11:441][110]LogModuleManager: Shutting down and abandoning module PackagesDialog (149)
[2017.01.30-15.23.11:441][110]LogModuleManager: Shutting down and abandoning module Persona (148)
[2017.01.30-15.23.11:441][110]LogModuleManager: Shutting down and abandoning module Kismet (147)
[2017.01.30-15.23.11:441][110]LogModuleManager: Shutting down and abandoning module GraphEditor (146)
[2017.01.30-15.23.11:441][110]LogModuleManager: Shutting down and abandoning module ClassViewer (145)
[2017.01.30-15.23.11:441][110]LogModuleManager: Shutting down and abandoning module Toolbox (144)
[2017.01.30-15.23.11:441][110]LogModuleManager: Shutting down and abandoning module ModuleUI (143)
[2017.01.30-15.23.11:441][110]LogModuleManager: Shutting down and abandoning module MovieSceneTools (142)
[2017.01.30-15.23.11:441][110]LogModuleManager: Shutting down and abandoning module OutputLog (141)
[2017.01.30-15.23.11:441][110]LogModuleManager: Shutting down and abandoning module GammaUI (140)
[2017.01.30-15.23.11:441][110]LogModuleManager: Shutting down and abandoning module Documentation (139)
[2017.01.30-15.23.11:441][110]LogModuleManager: Shutting down and abandoning module StreamingPauseRendering (138)
[2017.01.30-15.23.11:442][110]LogModuleManager: Shutting down and abandoning module AnalyticsET (137)
[2017.01.30-15.23.11:442][110]LogModuleManager: Shutting down and abandoning module Analytics (136)
[2017.01.30-15.23.11:442][110]LogModuleManager: Shutting down and abandoning module PortalServices (135)
[2017.01.30-15.23.11:442][110]LogModuleManager: Shutting down and abandoning module PortalRpc (134)
[2017.01.30-15.23.11:442][110]LogModuleManager: Shutting down and abandoning module MessagingRpc (133)
[2017.01.30-15.23.11:442][110]LogModuleManager: Shutting down and abandoning module GameplayDebugger (132)
[2017.01.30-15.23.11:442][110]LogModuleManager: Shutting down and abandoning module AITestSuite (131)
[2017.01.30-15.23.11:442][110]LogModuleManager: Shutting down and abandoning module AIModule (130)
[2017.01.30-15.23.11:442][110]LogModuleManager: Shutting down and abandoning module ProfilerService (129)
[2017.01.30-15.23.11:503][110]LogModuleManager: Shutting down and abandoning module TaskGraph (128)
[2017.01.30-15.23.11:503][110]LogModuleManager: Shutting down and abandoning module SlateRemote (127)
[2017.01.30-15.23.11:504][110]LogModuleManager: Shutting down and abandoning module SteamVRController (126)
[2017.01.30-15.23.11:504][110]LogModuleManager: Shutting down and abandoning module SteamVR (125)
[2017.01.30-15.23.11:504][110]LogModuleManager: Shutting down and abandoning module ProceduralMeshComponent (124)
[2017.01.30-15.23.11:504][110]LogModuleManager: Shutting down and abandoning module OculusLibrary (123)
[2017.01.30-15.23.11:504][110]LogModuleManager: Shutting down and abandoning module OculusInput (122)
[2017.01.30-15.23.11:504][110]LogModuleManager: Shutting down and abandoning module CustomMeshComponent (121)
[2017.01.30-15.23.11:504][110]LogModuleManager: Shutting down and abandoning module CableComponent (120)
[2017.01.30-15.23.11:504][110]LogModuleManager: Shutting down and abandoning module ArchVisCharacter (119)
[2017.01.30-15.23.11:504][110]LogModuleManager: Shutting down and abandoning module MediaPlayerEditor (118)
[2017.01.30-15.23.11:504][110]LogModuleManager: Shutting down and abandoning module HTML5Networking (117)
[2017.01.30-15.23.11:504][110]LogModuleManager: Shutting down and abandoning module SuperSearch (116)
[2017.01.30-15.23.11:504][110]LogModuleManager: Shutting down and abandoning module SuperSearchEditor (115)
[2017.01.30-15.23.11:504][110]LogModuleManager: Shutting down and abandoning module SpeedTreeImporter (114)
[2017.01.30-15.23.11:504][110]LogModuleManager: Shutting down and abandoning module PluginBrowser (113)
[2017.01.30-15.23.11:504][110]LogModuleManager: Shutting down and abandoning module EpicSurvey (112)
[2017.01.30-15.23.11:504][110]LogModuleManager: Shutting down and abandoning module DesktopPlatform (111)
[2017.01.30-15.23.11:504][110]LogModuleManager: Shutting down and abandoning module VisualStudioSourceCodeAccess (110)
[2017.01.30-15.23.11:504][110]LogModuleManager: Shutting down and abandoning module UObjectPlugin (109)
[2017.01.30-15.23.11:504][110]LogModuleManager: Shutting down and abandoning module SubversionSourceControl (108)
[2017.01.30-15.23.11:504][110]LogModuleManager: Shutting down and abandoning module PerforceSourceControl (107)
[2017.01.30-15.23.11:504][110]LogModuleManager: Shutting down and abandoning module SourceControl (106)
[2017.01.30-15.23.11:504][110]LogModuleManager: Shutting down and abandoning module GitSourceControl (105)
[2017.01.30-15.23.11:504][110]LogModuleManager: Shutting down and abandoning module LightPropagationVolumeEditor (104)
[2017.01.30-15.23.11:504][110]LogModuleManager: Shutting down and abandoning module PaperTiledImporter (103)
[2017.01.30-15.23.11:505][110]LogModuleManager: Shutting down and abandoning module PaperSpriteSheetImporter (102)
[2017.01.30-15.23.11:505][110]LogModuleManager: Shutting down and abandoning module MeshPaint (101)
[2017.01.30-15.23.11:505][110]LogModuleManager: Shutting down and abandoning module PixelInspectorModule (100)
[2017.01.30-15.23.11:505][110]LogModuleManager: Shutting down and abandoning module HotReload (99)
[2017.01.30-15.23.11:505][110]LogModuleManager: Shutting down and abandoning module MainFrame (98)
[2017.01.30-15.23.11:506][110]LogModuleManager: Shutting down and abandoning module LevelEditor (97)
[2017.01.30-15.23.11:506][110]LogModuleManager: Shutting down and abandoning module ContentBrowser (96)
[2017.01.30-15.23.11:508][110]LogModuleManager: Shutting down and abandoning module Paper2DEditor (95)
[2017.01.30-15.23.11:508][110]LogModuleManager: Shutting down and abandoning module UdpMessaging (94)
[2017.01.30-15.23.11:609][110]LogModuleManager: Shutting down and abandoning module LightPropagationVolumeRuntime (93)
[2017.01.30-15.23.11:609][110]LogModuleManager: Shutting down and abandoning module Paper2D (92)
[2017.01.30-15.23.11:609][110]LogModuleManager: Shutting down and abandoning module WindowsMoviePlayer (91)
[2017.01.30-15.23.11:609][110]LogModuleManager: Shutting down and abandoning module Media (90)
[2017.01.30-15.23.11:609][110]LogModuleManager: Shutting down and abandoning module WmfMedia (89)
[2017.01.30-15.23.11:609][110]LogModuleManager: Shutting down and abandoning module MediaAssets (88)
[2017.01.30-15.23.11:609][110]LogModuleManager: Shutting down and abandoning module GameLiveStreaming (87)
[2017.01.30-15.23.11:609][110]LogModuleManager: Shutting down and abandoning module GameplayTagsEditor (86)
[2017.01.30-15.23.11:609][110]LogModuleManager: Shutting down and abandoning module OnlineBlueprintSupport (85)
[2017.01.30-15.23.11:609][110]LogModuleManager: Shutting down and abandoning module VREditor (84)
[2017.01.30-15.23.11:609][110]LogModuleManager: Shutting down and abandoning module GameplayTasksEditor (83)
[2017.01.30-15.23.11:609][110]LogModuleManager: Shutting down and abandoning module PropertyEditor (82)
[2017.01.30-15.23.11:610][110]LogModuleManager: Shutting down and abandoning module BehaviorTreeEditor (81)
[2017.01.30-15.23.11:610][110]LogModuleManager: Shutting down and abandoning module FunctionalTesting (80)
[2017.01.30-15.23.11:610][110]LogModuleManager: Shutting down and abandoning module CollisionAnalyzer (79)
[2017.01.30-15.23.11:610][110]LogModuleManager: Shutting down and abandoning module Sequencer (78)
[2017.01.30-15.23.11:610][110]LogModuleManager: Shutting down and abandoning module WorkspaceMenuStructure (77)
[2017.01.30-15.23.11:610][110]LogModuleManager: Shutting down and abandoning module MessageLog (76)
[2017.01.30-15.23.11:610][110]LogModuleManager: Shutting down and abandoning module AssetTools (75)
[2017.01.30-15.23.11:610][110]LogModuleManager: Shutting down and abandoning module UMGEditor (74)
[2017.01.30-15.23.11:610][110]LogModuleManager: Shutting down and abandoning module UMG (73)
[2017.01.30-15.23.11:610][110]LogModuleManager: Shutting down and abandoning module SlateReflector (72)
[2017.01.30-15.23.11:610][110]LogModuleManager: Shutting down and abandoning module Slate (71)
[2017.01.30-15.23.11:610][110]LogModuleManager: Shutting down and abandoning module EditorStyle (70)
[2017.01.30-15.23.11:615][110]LogModuleManager: Shutting down and abandoning module SourceCodeAccess (69)
[2017.01.30-15.23.11:615][110]LogModuleManager: Shutting down and abandoning module HeadMountedDisplay (68)
[2017.01.30-15.23.11:615][110]LogModuleManager: Shutting down and abandoning module XAudio2 (67)
[2017.01.30-15.23.11:615][110]LogModuleManager: Shutting down and abandoning module Networking (65)
[2017.01.30-15.23.11:615][110]LogModuleManager: Shutting down and abandoning module Core (64)
[2017.01.30-15.23.11:615][110]LogModuleManager: Shutting down and abandoning module DirectoryWatcher (63)
[2017.01.30-15.23.11:616][110]LogModuleManager: Shutting down and abandoning module AssetRegistry (62)
[2017.01.30-15.23.11:777][110]LogModuleManager: Shutting down and abandoning module KismetCompiler (61)
[2017.01.30-15.23.11:777][110]LogModuleManager: Shutting down and abandoning module PhysXFormats (60)
[2017.01.30-15.23.11:777][110]LogModuleManager: Shutting down and abandoning module MeshUtilities (59)
[2017.01.30-15.23.11:777][110]LogModuleManager: Shutting down and abandoning module DerivedDataCache (58)
[2017.01.30-15.23.11:858][110]LogDerivedDataCache: Shutdown
[2017.01.30-15.23.11:858][110]LogModuleManager: Shutting down and abandoning module VulkanShaderFormat (57)
[2017.01.30-15.23.11:858][110]LogModuleManager: Shutting down and abandoning module ShaderFormatOpenGL (56)
[2017.01.30-15.23.11:859][110]LogModuleManager: Shutting down and abandoning module ShaderFormatD3D (55)
[2017.01.30-15.23.11:859][110]LogModuleManager: Shutting down and abandoning module MetalShaderFormat (54)
[2017.01.30-15.23.11:859][110]LogModuleManager: Shutting down and abandoning module TextureFormatUncompressed (53)
[2017.01.30-15.23.11:859][110]LogModuleManager: Shutting down and abandoning module TextureFormatPVR (52)
[2017.01.30-15.23.11:859][110]LogModuleManager: Shutting down and abandoning module TextureFormatIntelISPCTexComp (51)
[2017.01.30-15.23.11:859][110]LogModuleManager: Shutting down and abandoning module TextureFormatDXT (50)
[2017.01.30-15.23.11:859][110]LogModuleManager: Shutting down and abandoning module ImageWrapper (49)
[2017.01.30-15.23.11:859][110]LogModuleManager: Shutting down and abandoning module TextureFormatASTC (48)
[2017.01.30-15.23.11:859][110]LogModuleManager: Shutting down and abandoning module TextureFormatAndroid (47)
[2017.01.30-15.23.11:859][110]LogModuleManager: Shutting down and abandoning module AudioFormatOpus (46)
[2017.01.30-15.23.11:859][110]LogModuleManager: Shutting down and abandoning module AudioFormatOgg (45)
[2017.01.30-15.23.11:859][110]LogModuleManager: Shutting down and abandoning module AudioFormatADPCM (44)
[2017.01.30-15.23.11:859][110]LogModuleManager: Shutting down and abandoning module LinuxTargetPlatform (43)
[2017.01.30-15.23.11:859][110]LogModuleManager: Shutting down and abandoning module LinuxServerTargetPlatform (42)
[2017.01.30-15.23.11:859][110]LogModuleManager: Shutting down and abandoning module LinuxNoEditorTargetPlatform (41)
[2017.01.30-15.23.11:859][110]LogModuleManager: Shutting down and abandoning module TVOSTargetPlatform (40)
[2017.01.30-15.23.11:859][110]LogModuleManager: Shutting down and abandoning module Messaging (39)
[2017.01.30-15.23.11:859][110]LogModuleManager: Shutting down and abandoning module IOSTargetPlatform (38)
[2017.01.30-15.23.11:859][110]LogModuleManager: Shutting down and abandoning module HTML5TargetPlatform (37)
[2017.01.30-15.23.11:859][110]LogModuleManager: Shutting down and abandoning module Android_PVRTCTargetPlatform (36)
[2017.01.30-15.23.11:859][110]LogModuleManager: Shutting down and abandoning module Android_MultiTargetPlatform (35)
[2017.01.30-15.23.11:859][110]LogModuleManager: Shutting down and abandoning module Android_ETC2TargetPlatform (34)
[2017.01.30-15.23.11:859][110]LogModuleManager: Shutting down and abandoning module Android_ETC1TargetPlatform (33)
[2017.01.30-15.23.11:859][110]LogModuleManager: Shutting down and abandoning module Android_DXTTargetPlatform (32)
[2017.01.30-15.23.11:859][110]LogModuleManager: Shutting down and abandoning module Android_ATCTargetPlatform (31)
[2017.01.30-15.23.11:859][110]LogModuleManager: Shutting down and abandoning module Android_ASTCTargetPlatform (30)
[2017.01.30-15.23.11:859][110]LogModuleManager: Shutting down and abandoning module AndroidTargetPlatform (29)
[2017.01.30-15.23.11:859][110]LogModuleManager: Shutting down and abandoning module WindowsTargetPlatform (28)
[2017.01.30-15.23.11:859][110]LogModuleManager: Shutting down and abandoning module WindowsServerTargetPlatform (27)
[2017.01.30-15.23.11:859][110]LogModuleManager: Shutting down and abandoning module WindowsNoEditorTargetPlatform (26)
[2017.01.30-15.23.11:859][110]LogModuleManager: Shutting down and abandoning module WindowsClientTargetPlatform (25)
[2017.01.30-15.23.11:860][110]LogModuleManager: Shutting down and abandoning module AllDesktopTargetPlatform (24)
[2017.01.30-15.23.11:860][110]LogModuleManager: Shutting down and abandoning module TargetPlatform (23)
[2017.01.30-15.23.11:860][110]LogModuleManager: Shutting down and abandoning module InputCore (22)
[2017.01.30-15.23.11:860][110]LogModuleManager: Shutting down and abandoning module Settings (21)
[2017.01.30-15.23.11:860][110]LogModuleManager: Shutting down and abandoning module OnlineSubsystem (19)
[2017.01.30-15.23.11:860][110]LogModuleManager: Shutting down and abandoning module HTTP (18)
[2017.01.30-15.23.13:362][110]LogModuleManager: Shutting down and abandoning module XMPP (17)
[2017.01.30-15.23.13:362][110]LogModuleManager: Shutting down and abandoning module OculusRift (16)
[2017.01.30-15.23.13:362][110]LogModuleManager: Shutting down and abandoning module ExampleDeviceProfileSelector (15)
[2017.01.30-15.23.13:362][110]LogModuleManager: Shutting down and abandoning module TextureCompressor (14)
[2017.01.30-15.23.13:362][110]LogModuleManager: Shutting down and abandoning module ShaderCore (13)
[2017.01.30-15.23.13:363][110]LogModuleManager: Shutting down and abandoning module Landscape (12)
[2017.01.30-15.23.13:363][110]LogModuleManager: Shutting down and abandoning module SlateRHIRenderer (11)
[2017.01.30-15.23.13:365][110]LogModuleManager: Shutting down and abandoning module OpenGLDrv (10)
[2017.01.30-15.23.13:365][110]LogModuleManager: Shutting down and abandoning module D3D11RHI (9)
[2017.01.30-15.23.13:365][110]LogModuleManager: Shutting down and abandoning module AnimGraphRuntime (8)
[2017.01.30-15.23.13:365][110]LogModuleManager: Shutting down and abandoning module Renderer (7)
[2017.01.30-15.23.13:365][110]LogModuleManager: Shutting down and abandoning module Engine (6)
[2017.01.30-15.23.13:365][110]LogModuleManager: Shutting down and abandoning module CoreUObject (5)
[2017.01.30-15.23.13:365][110]LogModuleManager: Shutting down and abandoning module NetworkFile (4)
[2017.01.30-15.23.13:365][110]LogModuleManager: Shutting down and abandoning module StreamingFile (3)
[2017.01.30-15.23.13:366][110]LogModuleManager: Shutting down and abandoning module SandboxFile (2)
[2017.01.30-15.23.13:366][110]LogModuleManager: Shutting down and abandoning module PakFile (1)
[2017.01.30-15.23.13:368][110]LogExit: Exiting.
[2017.01.30-15.23.13:434][110]Log file closed, 01/30/17 17:23:13
